<?xml version="1.0" encoding="UTF-8"?>
<robot generator="Robot 4.1 (Python 3.9.6 on darwin)" generated="20210813 19:30:53.451" rpa="false" schemaversion="2">
<suite id="s1" name="Select" source="/Users/maicmiller/Documents/GitHub/ValidandoDropdownList-RobotFramework/web/tests/select.robot">
<test id="s1-t1" name="CN-1 Selecionar por texto">
<kw name="Nova sessão" library="base" type="SETUP">
<kw name="Open Browser" library="SeleniumLibrary">
<arg>${url}</arg>
<arg>chrome</arg>
<doc>Opens a new browser instance to the optional ``url``.</doc>
<msg timestamp="20210813 19:30:53.786" level="INFO">Opening browser 'chrome' to base url 'https://training-wheels-protocol.herokuapp.com/'.</msg>
<status status="PASS" starttime="20210813 19:30:53.785" endtime="20210813 19:30:58.098"/>
</kw>
<status status="PASS" starttime="20210813 19:30:53.784" endtime="20210813 19:30:58.099"/>
</kw>
<kw name="Go To" library="SeleniumLibrary">
<arg>${url}/dropdown</arg>
<doc>Navigates the current browser window to the provided ``url``.</doc>
<msg timestamp="20210813 19:30:58.101" level="INFO">Opening url 'https://training-wheels-protocol.herokuapp.com//dropdown'</msg>
<status status="PASS" starttime="20210813 19:30:58.100" endtime="20210813 19:30:58.389"/>
</kw>
<kw name="Select From List By Label" library="SeleniumLibrary">
<arg>class:avenger-list</arg>
<arg>Scott Lang</arg>
<doc>Selects options from selection list ``locator`` by ``labels``.</doc>
<msg timestamp="20210813 19:30:58.390" level="INFO">Selecting options from selection list 'class:avenger-list' by label Scott Lang.</msg>
<status status="PASS" starttime="20210813 19:30:58.389" endtime="20210813 19:30:58.494"/>
</kw>
<kw name="Get Selected List Value" library="SeleniumLibrary">
<var>${selected}</var>
<arg>class:avenger-list</arg>
<doc>Returns the value of selected option from selection list ``locator``.</doc>
<msg timestamp="20210813 19:30:58.627" level="INFO">${selected} = 7</msg>
<status status="PASS" starttime="20210813 19:30:58.495" endtime="20210813 19:30:58.627"/>
</kw>
<kw name="Should Be Equal" library="BuiltIn">
<arg>${selected}</arg>
<arg>7</arg>
<doc>Fails if the given objects are unequal.</doc>
<status status="PASS" starttime="20210813 19:30:58.627" endtime="20210813 19:30:58.628"/>
</kw>
<kw name="Encerra sessão" library="base" type="TEARDOWN">
<kw name="Capture Page Screenshot" library="SeleniumLibrary">
<doc>Takes a screenshot of the current page and embeds it into a log file.</doc>
<msg timestamp="20210813 19:30:58.798" level="INFO" html="true">&lt;/td&gt;&lt;/tr&gt;&lt;tr&gt;&lt;td colspan="3"&gt;&lt;a href="selenium-screenshot-24.png"&gt;&lt;img src="selenium-screenshot-24.png" width="800px"&gt;&lt;/a&gt;</msg>
<status status="PASS" starttime="20210813 19:30:58.630" endtime="20210813 19:30:58.798"/>
</kw>
<kw name="Close Browser" library="SeleniumLibrary">
<doc>Closes the current browser.</doc>
<status status="PASS" starttime="20210813 19:30:58.798" endtime="20210813 19:30:58.906"/>
</kw>
<status status="PASS" starttime="20210813 19:30:58.629" endtime="20210813 19:30:58.906"/>
</kw>
<status status="PASS" starttime="20210813 19:30:53.783" endtime="20210813 19:30:58.907"/>
</test>
<test id="s1-t2" name="CN-2 Selecionar pelo valor">
<kw name="Nova sessão" library="base" type="SETUP">
<kw name="Open Browser" library="SeleniumLibrary">
<arg>${url}</arg>
<arg>chrome</arg>
<doc>Opens a new browser instance to the optional ``url``.</doc>
<msg timestamp="20210813 19:30:58.913" level="INFO">Opening browser 'chrome' to base url 'https://training-wheels-protocol.herokuapp.com/'.</msg>
<status status="PASS" starttime="20210813 19:30:58.912" endtime="20210813 19:31:02.897"/>
</kw>
<status status="PASS" starttime="20210813 19:30:58.911" endtime="20210813 19:31:02.897"/>
</kw>
<kw name="Go To" library="SeleniumLibrary">
<arg>${url}/dropdown</arg>
<doc>Navigates the current browser window to the provided ``url``.</doc>
<msg timestamp="20210813 19:31:02.899" level="INFO">Opening url 'https://training-wheels-protocol.herokuapp.com//dropdown'</msg>
<status status="PASS" starttime="20210813 19:31:02.898" endtime="20210813 19:31:03.190"/>
</kw>
<kw name="Select From List By Value" library="SeleniumLibrary">
<arg>id:dropdown</arg>
<arg>6</arg>
<doc>Selects options from selection list ``locator`` by ``values``.</doc>
<msg timestamp="20210813 19:31:03.192" level="INFO">Selecting options from selection list 'id:dropdown' by value 6.</msg>
<status status="PASS" starttime="20210813 19:31:03.190" endtime="20210813 19:31:03.310"/>
</kw>
<kw name="Get Selected List Label" library="SeleniumLibrary">
<var>${selected}</var>
<arg>id:dropdown</arg>
<doc>Returns the label of selected option from selection list ``locator``.</doc>
<msg timestamp="20210813 19:31:03.448" level="INFO">${selected} = Loki</msg>
<status status="PASS" starttime="20210813 19:31:03.311" endtime="20210813 19:31:03.448"/>
</kw>
<kw name="Should Be Equal" library="BuiltIn">
<arg>${selected}</arg>
<arg>Loki</arg>
<doc>Fails if the given objects are unequal.</doc>
<status status="PASS" starttime="20210813 19:31:03.448" endtime="20210813 19:31:03.449"/>
</kw>
<kw name="Encerra sessão" library="base" type="TEARDOWN">
<kw name="Capture Page Screenshot" library="SeleniumLibrary">
<doc>Takes a screenshot of the current page and embeds it into a log file.</doc>
<msg timestamp="20210813 19:31:03.613" level="INFO" html="true">&lt;/td&gt;&lt;/tr&gt;&lt;tr&gt;&lt;td colspan="3"&gt;&lt;a href="selenium-screenshot-25.png"&gt;&lt;img src="selenium-screenshot-25.png" width="800px"&gt;&lt;/a&gt;</msg>
<status status="PASS" starttime="20210813 19:31:03.451" endtime="20210813 19:31:03.613"/>
</kw>
<kw name="Close Browser" library="SeleniumLibrary">
<doc>Closes the current browser.</doc>
<status status="PASS" starttime="20210813 19:31:03.613" endtime="20210813 19:31:03.756"/>
</kw>
<status status="PASS" starttime="20210813 19:31:03.450" endtime="20210813 19:31:03.756"/>
</kw>
<status status="PASS" starttime="20210813 19:30:58.909" endtime="20210813 19:31:03.757"/>
</test>
<status status="PASS" starttime="20210813 19:30:53.454" endtime="20210813 19:31:03.760"/>
</suite>
<statistics>
<total>
<stat pass="2" fail="0" skip="0">All Tests</stat>
</total>
<tag>
</tag>
<suite>
<stat pass="2" fail="0" skip="0" id="s1" name="Select">Select</stat>
</suite>
</statistics>
<errors>
</errors>
</robot>
